[debug] [2022-04-15T20:08:58.372Z] ----------------------------------------------------------------------
[debug] [2022-04-15T20:08:58.374Z] Command:       /usr/local/bin/node /usr/local/bin/firebase deploy
[debug] [2022-04-15T20:08:58.374Z] CLI Version:   7.13.0
[debug] [2022-04-15T20:08:58.374Z] Platform:      linux
[debug] [2022-04-15T20:08:58.374Z] Node Version:  v16.14.2
[debug] [2022-04-15T20:08:58.375Z] Time:          Fri Apr 15 2022 22:08:58 GMT+0200 (Central European Summer Time)
[debug] [2022-04-15T20:08:58.375Z] ----------------------------------------------------------------------
[debug] [2022-04-15T20:08:58.375Z] 
[debug] [2022-04-15T20:08:58.383Z] > command requires scopes: ["email","openid","https://www.googleapis.com/auth/cloudplatformprojects.readonly","https://www.googleapis.com/auth/firebase","https://www.googleapis.com/auth/cloud-platform"]
[debug] [2022-04-15T20:08:58.384Z] > authorizing via signed-in user
[debug] [2022-04-15T20:08:58.384Z] [iam] checking project prf-kotprog-7d9a6 for permissions ["cloudfunctions.functions.create","cloudfunctions.functions.delete","cloudfunctions.functions.get","cloudfunctions.functions.list","cloudfunctions.functions.update","cloudfunctions.operations.get","datastore.indexes.create","datastore.indexes.delete","datastore.indexes.list","datastore.indexes.update","firebase.projects.get","firebasedatabase.instances.update","firebasehosting.sites.update"]
[debug] [2022-04-15T20:08:58.386Z] >>> HTTP REQUEST POST https://cloudresourcemanager.googleapis.com/v1/projects/prf-kotprog-7d9a6:testIamPermissions  

[debug] [2022-04-15T20:08:59.372Z] <<< HTTP RESPONSE 200
[debug] [2022-04-15T20:08:59.378Z] >>> HTTP REQUEST GET https://firebase.googleapis.com/v1beta1/projects/prf-kotprog-7d9a6  
 
[debug] [2022-04-15T20:08:59.766Z] <<< HTTP RESPONSE 200
[info] 
[info] === Deploying to 'prf-kotprog-7d9a6'...
[info] 
[info] i  deploying database, firestore, functions, hosting
[info] i  database: checking rules syntax...
[debug] [2022-04-15T20:09:00.266Z] >>> HTTP REQUEST PUT https://prf-kotprog-7d9a6-default-rtdb.firebaseio.com/.settings/rules.json?dryRun=true  
 {
  /* Visit https://firebase.google.com/docs/database/security to learn more about security rules. */
  "rules": {
    ".read": false,
    ".write": false
  }
}
[debug] [2022-04-15T20:09:00.995Z] <<< HTTP RESPONSE 404
[debug] [2022-04-15T20:09:00.995Z] <<< HTTP RESPONSE BODY {
  "correctUrl" : "https://prf-kotprog-7d9a6-default-rtdb.europe-west1.firebasedatabase.app",
  "error" : "Database lives in a different region. Please change your database URL to https://prf-kotprog-7d9a6-default-rtdb.europe-west1.firebasedatabase.app"
}

[error] 
[error] Error: Unexpected error while deploying database rules.
